[{"line":1,"elements":[{"start_timestamp":"2024-05-08T12:39:29.772Z","line":12,"name":"parabank login scenario","description":"","id":"parabank-login-functionality;parabank-login-scenario;;2","type":"scenario","keyword":"Scenario Outline","steps":[{"result":{"duration":7162314600,"status":"passed"},"line":4,"name":"user launch parabank page","match":{"location":"com.pkg.stepdefinition.ParaBankLoginDataDriven.user_launch_parabank_page()"},"keyword":"Given "},{"result":{"duration":260001700,"status":"passed"},"line":5,"name":"user enter credentials \"todayrun\" and \"todayrun123\"","match":{"arguments":[{"val":"\"todayrun\"","offset":23},{"val":"\"todayrun123\"","offset":38}],"location":"com.pkg.stepdefinition.ParaBankLoginDataDriven.user_enter_credentials_and(java.lang.String,java.lang.String)"},"keyword":"When "},{"result":{"duration":659533200,"status":"passed"},"line":6,"name":"click at login buttons","match":{"location":"com.pkg.stepdefinition.ParaBankLoginDataDriven.click_at_login_buttons()"},"keyword":"And "},{"result":{"error_message":"org.openqa.selenium.NoSuchElementException: no such element: Unable to locate element: {\"method\":\"partial link text\",\"selector\":\"New Account\"}\n  (Session info: chrome=124.0.6367.119)\nFor documentation on this error, please visit: https://www.seleniumhq.org/exceptions/no_such_element.html\nBuild info: version: '3.141.59', revision: 'e82be7d358', time: '2018-11-14T08:17:03'\nSystem info: host: 'DESKTOP-K54RN12', ip: '192.168.1.6', os.name: 'Windows 10', os.arch: 'amd64', os.version: '10.0', java.version: '17.0.8'\nDriver info: org.openqa.selenium.chrome.ChromeDriver\nCapabilities {acceptInsecureCerts: false, browserName: chrome, browserVersion: 124.0.6367.119, chrome: {chromedriverVersion: 124.0.6367.91 (51df0e5e17a8..., userDataDir: C:\\Users\\hp\\AppData\\Local\\T...}, fedcm:accounts: true, goog:chromeOptions: {debuggerAddress: localhost:59142}, javascriptEnabled: true, networkConnectionEnabled: false, pageLoadStrategy: normal, platform: WINDOWS, platformName: WINDOWS, proxy: Proxy(), setWindowRect: true, strictFileInteractability: false, timeouts: {implicit: 0, pageLoad: 300000, script: 30000}, unhandledPromptBehavior: dismiss and notify, webauthn:extension:credBlob: true, webauthn:extension:largeBlob: true, webauthn:extension:minPinLength: true, webauthn:extension:prf: true, webauthn:virtualAuthenticators: true}\nSession ID: 1f3f79efb21f3c9135ef819d0cafb41c\n*** Element info: {Using=partial link text, value=New Account}\r\n\tat java.base/jdk.internal.reflect.NativeConstructorAccessorImpl.newInstance0(Native Method)\r\n\tat java.base/jdk.internal.reflect.NativeConstructorAccessorImpl.newInstance(NativeConstructorAccessorImpl.java:77)\r\n\tat java.base/jdk.internal.reflect.DelegatingConstructorAccessorImpl.newInstance(DelegatingConstructorAccessorImpl.java:45)\r\n\tat java.base/java.lang.reflect.Constructor.newInstanceWithCaller(Constructor.java:499)\r\n\tat java.base/java.lang.reflect.Constructor.newInstance(Constructor.java:480)\r\n\tat org.openqa.selenium.remote.http.W3CHttpResponseCodec.createException(W3CHttpResponseCodec.java:187)\r\n\tat org.openqa.selenium.remote.http.W3CHttpResponseCodec.decode(W3CHttpResponseCodec.java:122)\r\n\tat org.openqa.selenium.remote.http.W3CHttpResponseCodec.decode(W3CHttpResponseCodec.java:49)\r\n\tat org.openqa.selenium.remote.HttpCommandExecutor.execute(HttpCommandExecutor.java:158)\r\n\tat org.openqa.selenium.remote.service.DriverCommandExecutor.execute(DriverCommandExecutor.java:83)\r\n\tat org.openqa.selenium.remote.RemoteWebDriver.execute(RemoteWebDriver.java:552)\r\n\tat org.openqa.selenium.remote.RemoteWebDriver.findElement(RemoteWebDriver.java:323)\r\n\tat org.openqa.selenium.remote.RemoteWebDriver.findElementByPartialLinkText(RemoteWebDriver.java:388)\r\n\tat org.openqa.selenium.By$ByPartialLinkText.findElement(By.java:250)\r\n\tat org.openqa.selenium.remote.RemoteWebDriver.findElement(RemoteWebDriver.java:315)\r\n\tat com.pkg.stepdefinition.ParaBankLoginDataDriven.user_should_view_home_page(ParaBankLoginDataDriven.java:42)\r\n\tat ✽.user should view home page(file:///C:/Users/hp/eclipse-workspace/CucumberMavenDemo/./FeatureFiles/parabankloginDataDriven.feature:7)\r\n","duration":56537900,"status":"failed"},"line":7,"name":"user should view home page","match":{"location":"com.pkg.stepdefinition.ParaBankLoginDataDriven.user_should_view_home_page()"},"keyword":"Then "},{"result":{"status":"skipped"},"line":8,"name":"user should close the application","match":{"location":"com.pkg.stepdefinition.ParaBankLoginDataDriven.user_should_close_the_application()"},"keyword":"And "}]},{"start_timestamp":"2024-05-08T12:39:37.994Z","line":13,"name":"parabank login scenario","description":"","id":"parabank-login-functionality;parabank-login-scenario;;3","type":"scenario","keyword":"Scenario Outline","steps":[{"result":{"duration":5185229800,"status":"passed"},"line":4,"name":"user launch parabank page","match":{"location":"com.pkg.stepdefinition.ParaBankLoginDataDriven.user_launch_parabank_page()"},"keyword":"Given "},{"result":{"duration":206979000,"status":"passed"},"line":5,"name":"user enter credentials \"sample123\" and \"sample123\"","match":{"arguments":[{"val":"\"sample123\"","offset":23},{"val":"\"sample123\"","offset":39}],"location":"com.pkg.stepdefinition.ParaBankLoginDataDriven.user_enter_credentials_and(java.lang.String,java.lang.String)"},"keyword":"When "},{"result":{"duration":643365600,"status":"passed"},"line":6,"name":"click at login buttons","match":{"location":"com.pkg.stepdefinition.ParaBankLoginDataDriven.click_at_login_buttons()"},"keyword":"And "},{"result":{"error_message":"org.openqa.selenium.NoSuchElementException: no such element: Unable to locate element: {\"method\":\"partial link text\",\"selector\":\"New Account\"}\n  (Session info: chrome=124.0.6367.119)\nFor documentation on this error, please visit: https://www.seleniumhq.org/exceptions/no_such_element.html\nBuild info: version: '3.141.59', revision: 'e82be7d358', time: '2018-11-14T08:17:03'\nSystem info: host: 'DESKTOP-K54RN12', ip: '192.168.1.6', os.name: 'Windows 10', os.arch: 'amd64', os.version: '10.0', java.version: '17.0.8'\nDriver info: org.openqa.selenium.chrome.ChromeDriver\nCapabilities {acceptInsecureCerts: false, browserName: chrome, browserVersion: 124.0.6367.119, chrome: {chromedriverVersion: 124.0.6367.91 (51df0e5e17a8..., userDataDir: C:\\Users\\hp\\AppData\\Local\\T...}, fedcm:accounts: true, goog:chromeOptions: {debuggerAddress: localhost:59157}, javascriptEnabled: true, networkConnectionEnabled: false, pageLoadStrategy: normal, platform: WINDOWS, platformName: WINDOWS, proxy: Proxy(), setWindowRect: true, strictFileInteractability: false, timeouts: {implicit: 0, pageLoad: 300000, script: 30000}, unhandledPromptBehavior: dismiss and notify, webauthn:extension:credBlob: true, webauthn:extension:largeBlob: true, webauthn:extension:minPinLength: true, webauthn:extension:prf: true, webauthn:virtualAuthenticators: true}\nSession ID: afe6594b21db603cd6f9488212cf0ef5\n*** Element info: {Using=partial link text, value=New Account}\r\n\tat java.base/jdk.internal.reflect.NativeConstructorAccessorImpl.newInstance0(Native Method)\r\n\tat java.base/jdk.internal.reflect.NativeConstructorAccessorImpl.newInstance(NativeConstructorAccessorImpl.java:77)\r\n\tat java.base/jdk.internal.reflect.DelegatingConstructorAccessorImpl.newInstance(DelegatingConstructorAccessorImpl.java:45)\r\n\tat java.base/java.lang.reflect.Constructor.newInstanceWithCaller(Constructor.java:499)\r\n\tat java.base/java.lang.reflect.Constructor.newInstance(Constructor.java:480)\r\n\tat org.openqa.selenium.remote.http.W3CHttpResponseCodec.createException(W3CHttpResponseCodec.java:187)\r\n\tat org.openqa.selenium.remote.http.W3CHttpResponseCodec.decode(W3CHttpResponseCodec.java:122)\r\n\tat org.openqa.selenium.remote.http.W3CHttpResponseCodec.decode(W3CHttpResponseCodec.java:49)\r\n\tat org.openqa.selenium.remote.HttpCommandExecutor.execute(HttpCommandExecutor.java:158)\r\n\tat org.openqa.selenium.remote.service.DriverCommandExecutor.execute(DriverCommandExecutor.java:83)\r\n\tat org.openqa.selenium.remote.RemoteWebDriver.execute(RemoteWebDriver.java:552)\r\n\tat org.openqa.selenium.remote.RemoteWebDriver.findElement(RemoteWebDriver.java:323)\r\n\tat org.openqa.selenium.remote.RemoteWebDriver.findElementByPartialLinkText(RemoteWebDriver.java:388)\r\n\tat org.openqa.selenium.By$ByPartialLinkText.findElement(By.java:250)\r\n\tat org.openqa.selenium.remote.RemoteWebDriver.findElement(RemoteWebDriver.java:315)\r\n\tat com.pkg.stepdefinition.ParaBankLoginDataDriven.user_should_view_home_page(ParaBankLoginDataDriven.java:42)\r\n\tat ✽.user should view home page(file:///C:/Users/hp/eclipse-workspace/CucumberMavenDemo/./FeatureFiles/parabankloginDataDriven.feature:7)\r\n","duration":38891100,"status":"failed"},"line":7,"name":"user should view home page","match":{"location":"com.pkg.stepdefinition.ParaBankLoginDataDriven.user_should_view_home_page()"},"keyword":"Then "},{"result":{"status":"skipped"},"line":8,"name":"user should close the application","match":{"location":"com.pkg.stepdefinition.ParaBankLoginDataDriven.user_should_close_the_application()"},"keyword":"And "}]}],"name":"parabank login functionality","description":"","id":"parabank-login-functionality","keyword":"Feature","uri":"file:FeatureFiles/parabankloginDataDriven.feature","tags":[]}]